Arguments: 
  /usr/local/Cellar/node/5.3.0/bin/node /usr/local/bin/yarn

PATH: 
  /usr/local/bin:/usr/bin:/bin:/usr/sbin:/sbin

Yarn version: 
  0.16.1

Node version: 
  5.3.0

Platform: 
  darwin x64

npm manifest: 
  {
    "name": "innosol-app",
    "version": "1.0.0",
    "private": true,
    "babel": {
      "presets": [
        "es2015",
        "stage-0"
      ]
    },
    "description": "Innosol Web Application",
    "dependencies": {
      "babel-cli": "6.14.0",
      "babel-core": "6.14.0",
      "babel-preset-es2015": "6.14.0",
      "babel-preset-stage-0": "6.5.0",
      "express": "4.13.3",
      "fs": "0.0.2",
    },
    "scripts": {
      "start": "concurrently \"npm run server\" \"npm run client\"",
      "server": "babel-node app.js",
      "client": "cd innosol-client npm run",
      "dev": "echo \"This command has been deprecated. Use 'npm start'\" && exit 1"
    },
    "author": "",
    "license": "ISC",
    "devDependencies": {
      "concurrently": "^3.1.0"
    }
  }

yarn manifest: 
  No manifest

bower manifest: 
  No manifest

Lockfile: 
  # THIS IS AN AUTOGENERATED FILE. DO NOT EDIT THIS FILE DIRECTLY.
  # yarn lockfile v1
  ansi-regex@^0.2.0, ansi-regex@^0.2.1:
    version "0.2.1"
    resolved "https://registry.yarnpkg.com/ansi-regex/-/ansi-regex-0.2.1.tgz#0d8e946967a3d8143f93e24e298525fc1b2235f9"
  
  ansi-styles@^1.1.0:
    version "1.1.0"
    resolved "https://registry.yarnpkg.com/ansi-styles/-/ansi-styles-1.1.0.tgz#eaecbf66cd706882760b2f4691582b8f55d7a7de"
  
  bluebird@2.9.6:
    version "2.9.6"
    resolved "https://registry.yarnpkg.com/bluebird/-/bluebird-2.9.6.tgz#1fc3a6b1685267dc121b5ec89b32ce069d81ab7d"
  
  chalk@0.5.1:
    version "0.5.1"
    resolved "https://registry.yarnpkg.com/chalk/-/chalk-0.5.1.tgz#663b3a648b68b55d04690d49167aa837858f2174"
    dependencies:
      ansi-styles "^1.1.0"
      escape-string-regexp "^1.0.0"
      has-ansi "^0.1.0"
      strip-ansi "^0.3.0"
      supports-color "^0.2.0"
  
  commander@2.6.0:
    version "2.6.0"
    resolved "https://registry.yarnpkg.com/commander/-/commander-2.6.0.tgz#9df7e52fb2a0cb0fb89058ee80c3104225f37e1d"
  
  concurrently:
    version "3.1.0"
    resolved "https://registry.yarnpkg.com/concurrently/-/concurrently-3.1.0.tgz#dc5ef0459090012604756668894c04b434ef90d1"
    dependencies:
      bluebird "2.9.6"
      chalk "0.5.1"
      commander "2.6.0"
      lodash "^4.5.1"
      moment "^2.11.2"
      rx "2.3.24"
      spawn-default-shell "^1.1.0"
      tree-kill "^1.1.0"
  
  escape-string-regexp@^1.0.0:
    version "1.0.5"
    resolved "https://registry.yarnpkg.com/escape-string-regexp/-/escape-string-regexp-1.0.5.tgz#1b61c0562190a8dff6ae3bb2cf0200ca130b86d4"
  
  has-ansi@^0.1.0:
    version "0.1.0"
    resolved "https://registry.yarnpkg.com/has-ansi/-/has-ansi-0.1.0.tgz#84f265aae8c0e6a88a12d7022894b7568894c62e"
    dependencies:
      ansi-regex "^0.2.0"
  
  lodash@^4.5.1:
    version "4.17.4"
    resolved "https://registry.yarnpkg.com/lodash/-/lodash-4.17.4.tgz#78203a4d1c328ae1d86dca6460e369b57f4055ae"
  
  moment@^2.11.2:
    version "2.17.1"
    resolved "https://registry.yarnpkg.com/moment/-/moment-2.17.1.tgz#fed9506063f36b10f066c8b59a144d7faebe1d82"
  
  rx@2.3.24:
    version "2.3.24"
    resolved "https://registry.yarnpkg.com/rx/-/rx-2.3.24.tgz#14f950a4217d7e35daa71bbcbe58eff68ea4b2b7"
  
  spawn-default-shell@^1.1.0:
    version "1.1.0"
    resolved "https://registry.yarnpkg.com/spawn-default-shell/-/spawn-default-shell-1.1.0.tgz#095439d44c4b7c0aff56a53929fbaab87878e7c6"
  
  strip-ansi@^0.3.0:
    version "0.3.0"
    resolved "https://registry.yarnpkg.com/strip-ansi/-/strip-ansi-0.3.0.tgz#25f48ea22ca79187f3174a4db8759347bb126220"
    dependencies:
      ansi-regex "^0.2.1"
  
  supports-color@^0.2.0:
    version "0.2.0"
    resolved "https://registry.yarnpkg.com/supports-color/-/supports-color-0.2.0.tgz#d92de2694eb3f67323973d7ae3d8b55b4c22190a"
  
  tree-kill@^1.1.0:
    version "1.1.0"
    resolved "https://registry.yarnpkg.com/tree-kill/-/tree-kill-1.1.0.tgz#c963dcf03722892ec59cba569e940b71954d1729"

Trace: 
  SyntaxError: /Users/jgraber/innosol-app/package.json: Unexpected token }
      at Object.parse (native)
      at /usr/local/lib/node_modules/yarn/lib/util/fs.js:271:57
      at next (native)
      at step (/usr/local/lib/node_modules/yarn/node_modules/babel-runtime/helpers/asyncToGenerator.js:17:30)
      at /usr/local/lib/node_modules/yarn/node_modules/babel-runtime/helpers/asyncToGenerator.js:28:13
      at run (/usr/local/lib/node_modules/yarn/node_modules/core-js/library/modules/es6.promise.js:87:22)
      at /usr/local/lib/node_modules/yarn/node_modules/core-js/library/modules/es6.promise.js:100:28
      at flush (/usr/local/lib/node_modules/yarn/node_modules/core-js/library/modules/_microtask.js:18:9)
      at nextTickCallbackWith0Args (node.js:433:9)
      at process._tickCallback (node.js:362:13)
